<?xml version="1.0" encoding="UTF-8"?>
<testsuite name="com.gitlab.techschool.pcbook.service.LaptopServerTest" tests="1" skipped="0" failures="0" errors="0" timestamp="2024-06-16T14:19:01" hostname="Willys-MacBook-Air.local" time="0.505">
  <properties/>
  <testcase name="createLaptopWithAnInvalidID()" classname="com.gitlab.techschool.pcbook.service.LaptopServerTest" time="0.505"/>
  <system-out><![CDATA[]]></system-out>
  <system-err><![CDATA[Jun 16, 2024 9:19:01 PM com.gitlab.techschool.pcbook.service.LaptopServer start
INFO: server started on port 0
Jun 16, 2024 9:19:01 PM com.gitlab.techschool.pcbook.service.LaptopService createLaptop
INFO: got a create laptop request with ID: invalid
]]></system-err>
</testsuite>
